This is pdfTeX, Version 3.141592653-2.6-1.40.23 (TeX Live 2022/dev) (preloaded format=pdflatex 2021.12.5)  9 JUL 2022 13:59
entering extended mode
 restricted \write18 enabled.
 file:line:error style messages enabled.
 %&-line parsing enabled.
**fwGraph.tex
(./fwGraph.tex
LaTeX2e <2021-11-15>
L3 programming layer <2021-11-22>

! LaTeX Error: File `standalone.cls' not found.

Type X to quit or <RETURN> to proceed,
or enter new name. (Default extension: cls)

Enter file name: 
./fwGraph.tex:2: Emergency stop.
<read *> 
         
l.2 \usepackage
               {pgf}^^M
*** (cannot \read from terminal in nonstop modes)

 
Here is how much of TeX's memory you used:
 24 strings out of 479804
 611 string characters out of 5882303
 292223 words of memory out of 5000000
 18039 multiletter control sequences out of 15000+600000
 403430 words of font info for 27 fonts, out of 8000000 for 9000
 319 hyphenation exceptions out of 8191
 19i,0n,29p,92b,17s stack positions out of 5000i,500n,10000p,200000b,80000s
./fwGraph.tex:2:  ==> Fatal error occurred, no output PDF file produced!
